Using pre-set license
Built from '2020.3/release' branch; Version is '2020.3.31f1 (6b54b7616050) revision 7034039'; Using compiler version '192528614'; Build Type 'Release'
OS: 'Windows 11  (10.0.22000) 64bit Professional' Language: 'ko' Physical Memory: 16085 MB
BatchMode: 1, IsHumanControllingUs: 0, StartBugReporterOnCrash: 0, Is64bit: 1, IsPro: 0

COMMAND LINE ARGUMENTS:
C:\Program Files\Unity\Hub\Editor\2020.3.31f1\Editor\Unity.exe
-adb2
-batchMode
-noUpm
-name
AssetImportWorker0
-projectPath
C:/Users/user/Children_Game/Children_Game
-logFile
Logs/AssetImportWorker0.log
-srvPort
54746
Successfully changed project path to: C:/Users/user/Children_Game/Children_Game
C:/Users/user/Children_Game/Children_Game
Using Asset Import Pipeline V2.
Refreshing native plugins compatible for Editor in 26.78 ms, found 2 plugins.
Preloading 0 native plugins for Editor in 0.00 ms.
Initialize engine version: 2020.3.31f1 (6b54b7616050)
[Subsystems] Discovering subsystems at path C:/Program Files/Unity/Hub/Editor/2020.3.31f1/Editor/Data/Resources/UnitySubsystems
[Subsystems] Discovering subsystems at path C:/Users/user/Children_Game/Children_Game/Assets
GfxDevice: creating device client; threaded=0
Direct3D:
    Version:  Direct3D 11.0 [level 11.1]
    Renderer: NVIDIA GeForce GTX 1650 (ID=0x1f9d)
    Vendor:   
    VRAM:     3962 MB
    Driver:   27.21.14.6221
Initialize mono
Mono path[0] = 'C:/Program Files/Unity/Hub/Editor/2020.3.31f1/Editor/Data/Managed'
Mono path[1] = 'C:/Program Files/Unity/Hub/Editor/2020.3.31f1/Editor/Data/MonoBleedingEdge/lib/mono/unityjit'
Mono config path = 'C:/Program Files/Unity/Hub/Editor/2020.3.31f1/Editor/Data/MonoBleedingEdge/etc'
Using monoOptions --debugger-agent=transport=dt_socket,embedding=1,server=y,suspend=n,address=127.0.0.1:56472
Begin MonoManager ReloadAssembly
Registering precompiled unity dll's ...
Register platform support module: C:/Program Files/Unity/Hub/Editor/2020.3.31f1/Editor/Data/PlaybackEngines/WindowsStandaloneSupport/UnityEditor.WindowsStandalone.Extensions.dll
Registered in 0.000955 seconds.
Native extension for WindowsStandalone target not found
Refreshing native plugins compatible for Editor in 28.22 ms, found 2 plugins.
Preloading 0 native plugins for Editor in 0.00 ms.
Mono: successfully reloaded assembly
- Completed reload, in  0.431 seconds
Domain Reload Profiling:
	ReloadAssembly (432ms)
		BeginReloadAssembly (41ms)
			ExecutionOrderSort (0ms)
			DisableScriptedObjects (0ms)
			BackupInstance (0ms)
			ReleaseScriptingObjects (0ms)
			CreateAndSetChildDomain (1ms)
		EndReloadAssembly (340ms)
			LoadAssemblies (40ms)
			RebuildTransferFunctionScriptingTraits (0ms)
			SetupTypeCache (103ms)
			ReleaseScriptCaches (0ms)
			RebuildScriptCaches (27ms)
			SetupLoadedEditorAssemblies (130ms)
				LogAssemblyErrors (0ms)
				InitializePlatformSupportModulesInManaged (3ms)
				SetLoadedEditorAssemblies (0ms)
				RefreshPlugins (28ms)
				BeforeProcessingInitializeOnLoad (14ms)
				ProcessInitializeOnLoadAttributes (62ms)
				ProcessInitializeOnLoadMethodAttributes (21ms)
				AfterProcessingInitializeOnLoad (0ms)
				EditorAssembliesLoaded (0ms)
			ExecutionOrderSort2 (0ms)
			AwakeInstancesAfterBackupRestoration (0ms)
Platform modules already initialized, skipping
Registering precompiled user dll's ...
Registered in 0.002057 seconds.
Begin MonoManager ReloadAssembly
Symbol file LoadedFromMemory doesn't match image C:\Users\user\Children_Game\Children_Game\Assets\Plugins\Demigiant\DOTween\Editor\DOTweenEditor.dll
Symbol file LoadedFromMemory doesn't match image C:\Users\user\Children_Game\Children_Game\Assets\Plugins\Demigiant\DOTween\DOTween.dll
Native extension for WindowsStandalone target not found
Refreshing native plugins compatible for Editor in 0.43 ms, found 2 plugins.
Preloading 0 native plugins for Editor in 0.00 ms.
Mono: successfully reloaded assembly
- Completed reload, in  0.685 seconds
Domain Reload Profiling:
	ReloadAssembly (685ms)
		BeginReloadAssembly (100ms)
			ExecutionOrderSort (0ms)
			DisableScriptedObjects (3ms)
			BackupInstance (0ms)
			ReleaseScriptingObjects (0ms)
			CreateAndSetChildDomain (16ms)
		EndReloadAssembly (545ms)
			LoadAssemblies (62ms)
			RebuildTransferFunctionScriptingTraits (0ms)
			SetupTypeCache (179ms)
			ReleaseScriptCaches (0ms)
			RebuildScriptCaches (34ms)
			SetupLoadedEditorAssemblies (214ms)
				LogAssemblyErrors (0ms)
				InitializePlatformSupportModulesInManaged (3ms)
				SetLoadedEditorAssemblies (0ms)
				RefreshPlugins (0ms)
				BeforeProcessingInitializeOnLoad (55ms)
				ProcessInitializeOnLoadAttributes (145ms)
				ProcessInitializeOnLoadMethodAttributes (7ms)
				AfterProcessingInitializeOnLoad (3ms)
				EditorAssembliesLoaded (0ms)
			ExecutionOrderSort2 (0ms)
			AwakeInstancesAfterBackupRestoration (4ms)
Platform modules already initialized, skipping
========================================================================
Worker process is ready to serve import requests
Launched and connected shader compiler UnityShaderCompiler.exe after 0.04 seconds
Refreshing native plugins compatible for Editor in 0.37 ms, found 2 plugins.
Preloading 0 native plugins for Editor in 0.00 ms.
Unloading 1550 Unused Serialized files (Serialized files now loaded: 0)
System memory in use before: 91.6 MB.
System memory in use after: 91.7 MB.

Unloading 18 unused Assets to reduce memory usage. Loaded Objects now: 2012.
Total: 2.504400 ms (FindLiveObjects: 0.138000 ms CreateObjectMapping: 0.053100 ms MarkObjects: 2.197000 ms  DeleteObjects: 0.115000 ms)

AssetImportParameters requested are different than current active one (requested -> active):
  custom:framework-win-MediaFoundation: 216162199b28c13a410421893ffa2e32 -> 
  custom:video-decoder-ogg-theora: a1e56fd34408186e4bbccfd4996cb3dc -> 
  custom:container-muxer-webm: aa71ff27fc2769a1b78a27578f13a17b -> 
  custom:container-demuxer-webm: 4f35f7cbe854078d1ac9338744f61a02 -> 
  custom:container-demuxer-ogg: 62fdf1f143b41e24485cea50d1cbac27 -> 
  custom:video-encoder-webm-vp8: eb34c28f22e8b96e1ab97ce403110664 -> 
  custom:video-decoder-webm-vp8: 9c59270c3fd7afecdb556c50c9e8de78 -> 
  custom:audio-decoder-ogg-vorbis: bf7c407c2cedff20999df2af8eb42d56 -> 
  custom:audio-encoder-webm-vorbis: bf7c407c2cedff20999df2af8eb42d56 -> 
========================================================================
Received Import Request.
  path: Assets/Scene/Test.unity
  artifactKey: Guid(9fe8bd9ebe67f27498b96233f480f673) Importer(815301076,1909f56bfc062723c751e8b465ee728b)
Start importing Assets/Scene/Test.unity using Guid(9fe8bd9ebe67f27498b96233f480f673) Importer(815301076,1909f56bfc062723c751e8b465ee728b)  -> (artifact id: 'd322805cb656efcc4aea3704c21648b8') in 0.007517 seconds 
========================================================================
Received Import Request.
  Time since last request: 8.618064 seconds.
  path: Assets/UnityChan/Models/Materials/body.mat
  artifactKey: Guid(bb570020a8c3bad4bbf803af20e78937) Importer(815301076,1909f56bfc062723c751e8b465ee728b)
Start importing Assets/UnityChan/Models/Materials/body.mat using Guid(bb570020a8c3bad4bbf803af20e78937) Importer(815301076,1909f56bfc062723c751e8b465ee728b)  -> (artifact id: 'd878e655617265cdcb38faa2543b85a1') in 0.186582 seconds 
========================================================================
Received Import Request.
  Time since last request: 0.000212 seconds.
  path: Assets/UnityChan/Models/Materials/eyeline.mat
  artifactKey: Guid(407f97b032a277c44b753ed1c256a3b8) Importer(815301076,1909f56bfc062723c751e8b465ee728b)
Start importing Assets/UnityChan/Models/Materials/eyeline.mat using Guid(407f97b032a277c44b753ed1c256a3b8) Importer(815301076,1909f56bfc062723c751e8b465ee728b)  -> (artifact id: '18b9128bbb0ae5b069fac97ee4d9c11c') in 0.042502 seconds 
========================================================================
Received Import Request.
  Time since last request: 0.000183 seconds.
  path: Assets/UnityChan/Models/Materials/face.mat
  artifactKey: Guid(4d83bd267b90e934e88637afcd02cb8a) Importer(815301076,1909f56bfc062723c751e8b465ee728b)
Start importing Assets/UnityChan/Models/Materials/face.mat using Guid(4d83bd267b90e934e88637afcd02cb8a) Importer(815301076,1909f56bfc062723c751e8b465ee728b)  -> (artifact id: '939c6713bf8558ed87837ec0200c9f02') in 0.054633 seconds 
========================================================================
Received Import Request.
  Time since last request: 0.000143 seconds.
  path: Assets/UnityChan/Models/Materials/eyebase.mat
  artifactKey: Guid(9bec51fc47eda6047ba5cc01addbf46f) Importer(815301076,1909f56bfc062723c751e8b465ee728b)
Start importing Assets/UnityChan/Models/Materials/eyebase.mat using Guid(9bec51fc47eda6047ba5cc01addbf46f) Importer(815301076,1909f56bfc062723c751e8b465ee728b)  -> (artifact id: '5d89ab66db43c56b16a2763d231cf195') in 0.044620 seconds 
========================================================================
Received Import Request.
  Time since last request: 0.000181 seconds.
  path: Assets/UnityChan/Models/Materials/eye_R1.mat
  artifactKey: Guid(a87def7cf3654cc43add52e645fee2ce) Importer(815301076,1909f56bfc062723c751e8b465ee728b)
Start importing Assets/UnityChan/Models/Materials/eye_R1.mat using Guid(a87def7cf3654cc43add52e645fee2ce) Importer(815301076,1909f56bfc062723c751e8b465ee728b)  -> (artifact id: 'b4db5fe42d10a3dce402765deb592d75') in 0.021160 seconds 
========================================================================
Received Import Request.
  Time since last request: 0.000262 seconds.
  path: Assets/UnityChan/Models/Materials/eye_L1.mat
  artifactKey: Guid(4987862c1c195e74c86994ba4bcbd812) Importer(815301076,1909f56bfc062723c751e8b465ee728b)
Start importing Assets/UnityChan/Models/Materials/eye_L1.mat using Guid(4987862c1c195e74c86994ba4bcbd812) Importer(815301076,1909f56bfc062723c751e8b465ee728b)  -> (artifact id: '9768f64683c917525d261b3c3c5d2663') in 0.020695 seconds 
========================================================================
Received Import Request.
  Time since last request: 0.909173 seconds.
  path: Assets/UnityChan/Models/Materials/hair.mat
  artifactKey: Guid(5ebb6caef8207d243a588a574971408c) Importer(815301076,1909f56bfc062723c751e8b465ee728b)
Start importing Assets/UnityChan/Models/Materials/hair.mat using Guid(5ebb6caef8207d243a588a574971408c) Importer(815301076,1909f56bfc062723c751e8b465ee728b)  -> (artifact id: '9b33b04b19e95ed8257aaa6145ccbbd3') in 0.044730 seconds 
========================================================================
Received Import Request.
  Time since last request: 0.842995 seconds.
  path: Assets/UnityChan/Models/UnityChanShader/Texture/eyeline_00.tga
  artifactKey: Guid(e315db926a0705845b12da3cc80ea306) Importer(815301076,1909f56bfc062723c751e8b465ee728b)
Start importing Assets/UnityChan/Models/UnityChanShader/Texture/eyeline_00.tga using Guid(e315db926a0705845b12da3cc80ea306) Importer(815301076,1909f56bfc062723c751e8b465ee728b)  -> (artifact id: '7e8fa49fded6f5e1474b54a1a1d5e90b') in 0.016117 seconds 
========================================================================
Received Import Request.
  Time since last request: 0.000113 seconds.
  path: Assets/UnityChan/Models/UnityChanShader/Texture/FO_RIM1.tga
  artifactKey: Guid(a18067604964b5a4d8fd5552ed0d789e) Importer(815301076,1909f56bfc062723c751e8b465ee728b)
Start importing Assets/UnityChan/Models/UnityChanShader/Texture/FO_RIM1.tga using Guid(a18067604964b5a4d8fd5552ed0d789e) Importer(815301076,1909f56bfc062723c751e8b465ee728b)  -> (artifact id: 'c873d562daeab218e30d7146df180ed9') in 0.008029 seconds 
========================================================================
Received Import Request.
  Time since last request: 0.000167 seconds.
  path: Assets/UnityChan/Models/UnityChanShader/Texture/FO_SKIN1.tga
  artifactKey: Guid(a1d5b2277eb3f6245900378e6fa97575) Importer(815301076,1909f56bfc062723c751e8b465ee728b)
Start importing Assets/UnityChan/Models/UnityChanShader/Texture/FO_SKIN1.tga using Guid(a1d5b2277eb3f6245900378e6fa97575) Importer(815301076,1909f56bfc062723c751e8b465ee728b)  -> (artifact id: 'c294b09982c3f37d1af7f1351c021022') in 0.007906 seconds 
========================================================================
Received Import Request.
  Time since last request: 9.471384 seconds.
  path: Assets/UnityChan/Models/UnityChanShader/Materials/body.mat
  artifactKey: Guid(3b399c72488294c53b66f39632a8fe8b) Importer(815301076,1909f56bfc062723c751e8b465ee728b)
Start importing Assets/UnityChan/Models/UnityChanShader/Materials/body.mat using Guid(3b399c72488294c53b66f39632a8fe8b) Importer(815301076,1909f56bfc062723c751e8b465ee728b)  -> (artifact id: '9bb897b377e5cb7e11dcb8a2c4218dd3') in 0.039758 seconds 
========================================================================
Received Import Request.
  Time since last request: 0.000201 seconds.
  path: Assets/UnityChan/Models/UnityChanShader/Materials/eyeline.mat
  artifactKey: Guid(7bac98231102243919a4534a06cc74ba) Importer(815301076,1909f56bfc062723c751e8b465ee728b)
Start importing Assets/UnityChan/Models/UnityChanShader/Materials/eyeline.mat using Guid(7bac98231102243919a4534a06cc74ba) Importer(815301076,1909f56bfc062723c751e8b465ee728b)  -> (artifact id: '88adda7dce1542333aeb700b7a9ec86b') in 0.013198 seconds 
========================================================================
Received Import Request.
  Time since last request: 0.000198 seconds.
  path: Assets/UnityChan/Models/UnityChanShader/Materials/eyebase.mat
  artifactKey: Guid(c7d8484a18b294b4ea192d6a82f2e0d5) Importer(815301076,1909f56bfc062723c751e8b465ee728b)
Start importing Assets/UnityChan/Models/UnityChanShader/Materials/eyebase.mat using Guid(c7d8484a18b294b4ea192d6a82f2e0d5) Importer(815301076,1909f56bfc062723c751e8b465ee728b)  -> (artifact id: '11e6a346108ce7f7aaa17078165fbc6c') in 0.016181 seconds 
========================================================================
Received Import Request.
  Time since last request: 0.000107 seconds.
  path: Assets/UnityChan/Models/UnityChanShader/Materials/eye_L1.mat
  artifactKey: Guid(a0186681a218f4550a84e6f0488e8b61) Importer(815301076,1909f56bfc062723c751e8b465ee728b)
Start importing Assets/UnityChan/Models/UnityChanShader/Materials/eye_L1.mat using Guid(a0186681a218f4550a84e6f0488e8b61) Importer(815301076,1909f56bfc062723c751e8b465ee728b)  -> (artifact id: '173a73aaf473fa3f8ad3c02eeb545ece') in 0.010458 seconds 
========================================================================
Received Import Request.
  Time since last request: 0.000153 seconds.
  path: Assets/UnityChan/Models/UnityChanShader/Materials/face.mat
  artifactKey: Guid(cb35fb92776d24a65827b1d3ab18fe60) Importer(815301076,1909f56bfc062723c751e8b465ee728b)
Start importing Assets/UnityChan/Models/UnityChanShader/Materials/face.mat using Guid(cb35fb92776d24a65827b1d3ab18fe60) Importer(815301076,1909f56bfc062723c751e8b465ee728b)  -> (artifact id: '21e5d09648f04cc3f3d3367aba7eb3e6') in 0.033229 seconds 
========================================================================
Received Import Request.
  Time since last request: 0.000150 seconds.
  path: Assets/UnityChan/Models/UnityChanShader/Materials/eye_R1.mat
  artifactKey: Guid(f37e71293707f43b9b83c1925ad01bd7) Importer(815301076,1909f56bfc062723c751e8b465ee728b)
Start importing Assets/UnityChan/Models/UnityChanShader/Materials/eye_R1.mat using Guid(f37e71293707f43b9b83c1925ad01bd7) Importer(815301076,1909f56bfc062723c751e8b465ee728b)  -> (artifact id: '6d416580aa575e725061cce32e713e6d') in 0.010159 seconds 
========================================================================
Received Import Request.
  Time since last request: 1.205502 seconds.
  path: Assets/UnityChan/Models/UnityChanShader/Texture/body_01.tga
  artifactKey: Guid(f9c6074c5a78e71448f9efd3013cadda) Importer(815301076,1909f56bfc062723c751e8b465ee728b)
Start importing Assets/UnityChan/Models/UnityChanShader/Texture/body_01.tga using Guid(f9c6074c5a78e71448f9efd3013cadda) Importer(815301076,1909f56bfc062723c751e8b465ee728b)  -> (artifact id: '98f6b07687544836aa394d9bae7e362e') in 0.022463 seconds 
========================================================================
Received Import Request.
  Time since last request: 0.000219 seconds.
  path: Assets/UnityChan/Models/UnityChanShader/Texture/body_01_NRM.tga
  artifactKey: Guid(3a3c0acc807e9264ca0b32602a928a9a) Importer(815301076,1909f56bfc062723c751e8b465ee728b)
Start importing Assets/UnityChan/Models/UnityChanShader/Texture/body_01_NRM.tga using Guid(3a3c0acc807e9264ca0b32602a928a9a) Importer(815301076,1909f56bfc062723c751e8b465ee728b)  -> (artifact id: 'd95ace02e441c71602f824202456ba08') in 0.023532 seconds 
========================================================================
Received Import Request.
  Time since last request: 0.000154 seconds.
  path: Assets/UnityChan/Models/UnityChanShader/Texture/DEFAULT_NORMAL.tga
  artifactKey: Guid(f90e3449ad3674016962a3aba3d31a06) Importer(815301076,1909f56bfc062723c751e8b465ee728b)
Start importing Assets/UnityChan/Models/UnityChanShader/Texture/DEFAULT_NORMAL.tga using Guid(f90e3449ad3674016962a3aba3d31a06) Importer(815301076,1909f56bfc062723c751e8b465ee728b)  -> (artifact id: '69ffc494a74eee2411906b12b22f20a1') in 0.008775 seconds 
========================================================================
Received Import Request.
  Time since last request: 0.000170 seconds.
  path: Assets/UnityChan/Models/UnityChanShader/Texture/ENV2.tga
  artifactKey: Guid(763c5d30206d1d54a9b49b3309e37fe1) Importer(815301076,1909f56bfc062723c751e8b465ee728b)
Start importing Assets/UnityChan/Models/UnityChanShader/Texture/ENV2.tga using Guid(763c5d30206d1d54a9b49b3309e37fe1) Importer(815301076,1909f56bfc062723c751e8b465ee728b)  -> (artifact id: '851c58bd89ac08730e6db9d4e6ba4aeb') in 0.009656 seconds 
========================================================================
Received Import Request.
  Time since last request: 0.000140 seconds.
  path: Assets/UnityChan/Models/UnityChanShader/Texture/cheek_00.tga
  artifactKey: Guid(89ede59217e3847c39c444f223f4084e) Importer(815301076,1909f56bfc062723c751e8b465ee728b)
Start importing Assets/UnityChan/Models/UnityChanShader/Texture/cheek_00.tga using Guid(89ede59217e3847c39c444f223f4084e) Importer(815301076,1909f56bfc062723c751e8b465ee728b)  -> (artifact id: 'bb3c252ab6926c29c9b5872cf3eb6630') in 0.010848 seconds 
========================================================================
Received Import Request.
  Time since last request: 0.000132 seconds.
  path: Assets/UnityChan/Models/UnityChanShader/Texture/body_01_SPEC.tga
  artifactKey: Guid(7ae1142e9b3a72048960dd9561e0e0d9) Importer(815301076,1909f56bfc062723c751e8b465ee728b)
Start importing Assets/UnityChan/Models/UnityChanShader/Texture/body_01_SPEC.tga using Guid(7ae1142e9b3a72048960dd9561e0e0d9) Importer(815301076,1909f56bfc062723c751e8b465ee728b)  -> (artifact id: '0913e76f307e170357e1695f60e20c65') in 0.015420 seconds 
========================================================================
Received Import Request.
  Time since last request: 7.003273 seconds.
  path: Assets/UnityChan/Animations/unitychan_ARpose1.fbx
  artifactKey: Guid(e8397bfde2758f942a04edaaf7ad57ec) Importer(815301076,1909f56bfc062723c751e8b465ee728b)
Start importing Assets/UnityChan/Animations/unitychan_ARpose1.fbx using Guid(e8397bfde2758f942a04edaaf7ad57ec) Importer(815301076,1909f56bfc062723c751e8b465ee728b)  -> (artifact id: 'a1dc4c04109c78947924421813e29973') in 0.040019 seconds 
========================================================================
Received Import Request.
  Time since last request: 0.000130 seconds.
  path: Assets/UnityChan/Animations/unitychan_HANDUP00_R.fbx
  artifactKey: Guid(84ce5ea31570e6b4ca2949b8fe13ee42) Importer(815301076,1909f56bfc062723c751e8b465ee728b)
Start importing Assets/UnityChan/Animations/unitychan_HANDUP00_R.fbx using Guid(84ce5ea31570e6b4ca2949b8fe13ee42) Importer(815301076,1909f56bfc062723c751e8b465ee728b)  -> (artifact id: '8939048168bb8dfbb40d13f0be801b7f') in 0.081002 seconds 
========================================================================
Received Import Request.
  Time since last request: 0.000193 seconds.
  path: Assets/UnityChan/Animations/unitychan_DAMAGED01.fbx
  artifactKey: Guid(c895dff4365ad4506ab680fdc4a0afb8) Importer(815301076,1909f56bfc062723c751e8b465ee728b)
Start importing Assets/UnityChan/Animations/unitychan_DAMAGED01.fbx using Guid(c895dff4365ad4506ab680fdc4a0afb8) Importer(815301076,1909f56bfc062723c751e8b465ee728b)  -> (artifact id: 'b1ccacd3e2d7522539f9a8b24996700c') in 0.063455 seconds 
========================================================================
Received Import Request.
  Time since last request: 0.000184 seconds.
  path: Assets/UnityChan/Animations/unitychan_ARpose2.fbx
  artifactKey: Guid(edd51f298e7994c498b99bd24c098f52) Importer(815301076,1909f56bfc062723c751e8b465ee728b)
Start importing Assets/UnityChan/Animations/unitychan_ARpose2.fbx using Guid(edd51f298e7994c498b99bd24c098f52) Importer(815301076,1909f56bfc062723c751e8b465ee728b)  -> (artifact id: 'f685477fef555813e9376b5aca0ca7ae') in 0.023837 seconds 
========================================================================
Received Import Request.
  Time since last request: 0.000220 seconds.
  path: Assets/UnityChan/Animations/unitychan_DAMAGED00.fbx
  artifactKey: Guid(6dd5b57ca7c0d48e4b3e9061e1c88d18) Importer(815301076,1909f56bfc062723c751e8b465ee728b)
Start importing Assets/UnityChan/Animations/unitychan_DAMAGED00.fbx using Guid(6dd5b57ca7c0d48e4b3e9061e1c88d18) Importer(815301076,1909f56bfc062723c751e8b465ee728b)  -> (artifact id: '96776bc687003ac097ddc391501ba573') in 0.041987 seconds 
========================================================================
Received Import Request.
  Time since last request: 0.000159 seconds.
  path: Assets/UnityChan/Animations/unitychan_JUMP00.fbx
  artifactKey: Guid(ac75d16809dc0054d8e3449e7ba665f2) Importer(815301076,1909f56bfc062723c751e8b465ee728b)
Start importing Assets/UnityChan/Animations/unitychan_JUMP00.fbx using Guid(ac75d16809dc0054d8e3449e7ba665f2) Importer(815301076,1909f56bfc062723c751e8b465ee728b)  -> (artifact id: 'ef9dc4b6e835fa5a1d160dbbc65e8a76') in 0.044744 seconds 
========================================================================
Received Import Request.
  Time since last request: 0.124318 seconds.
  path: Assets/UnityChan/Animations/unitychan_JUMP00B.fbx
  artifactKey: Guid(d6fd0c7048894427c8663615237d6a77) Importer(815301076,1909f56bfc062723c751e8b465ee728b)
Start importing Assets/UnityChan/Animations/unitychan_JUMP00B.fbx using Guid(d6fd0c7048894427c8663615237d6a77) Importer(815301076,1909f56bfc062723c751e8b465ee728b)  -> (artifact id: '09cde4b97b81745e9758bc1c0725b717') in 0.040096 seconds 
========================================================================
Received Import Request.
  Time since last request: 0.002011 seconds.
  path: Assets/UnityChan/Animations/unitychan_JUMP01.fbx
  artifactKey: Guid(87486f7b16eedbf4eb26567d70189058) Importer(815301076,1909f56bfc062723c751e8b465ee728b)
Start importing Assets/UnityChan/Animations/unitychan_JUMP01.fbx using Guid(87486f7b16eedbf4eb26567d70189058) Importer(815301076,1909f56bfc062723c751e8b465ee728b)  -> (artifact id: '10fa12e66c45bc557d21fc465136fc20') in 0.042337 seconds 
========================================================================
Received Import Request.
  Time since last request: 0.000162 seconds.
  path: Assets/UnityChan/Animations/unitychan_LOSE00.fbx
  artifactKey: Guid(c7df2ec8d896a4a15abc7636d440631b) Importer(815301076,1909f56bfc062723c751e8b465ee728b)
Start importing Assets/UnityChan/Animations/unitychan_LOSE00.fbx using Guid(c7df2ec8d896a4a15abc7636d440631b) Importer(815301076,1909f56bfc062723c751e8b465ee728b)  -> (artifact id: '8b9cfb11c4cd8ddb39e81e03508ea1d1') in 0.046227 seconds 
========================================================================
Received Import Request.
  Time since last request: 0.000140 seconds.
  path: Assets/UnityChan/Animations/unitychan_REFLESH00.fbx
  artifactKey: Guid(842226a6a478847f9b6f5c746ae1cb95) Importer(815301076,1909f56bfc062723c751e8b465ee728b)
Start importing Assets/UnityChan/Animations/unitychan_REFLESH00.fbx using Guid(842226a6a478847f9b6f5c746ae1cb95) Importer(815301076,1909f56bfc062723c751e8b465ee728b)  -> (artifact id: '025b408c761e92edea0bcf6bc1fbd09d') in 0.046719 seconds 
========================================================================
Received Import Request.
  Time since last request: 0.000148 seconds.
  path: Assets/UnityChan/Animations/unitychan_JUMP01B.fbx
  artifactKey: Guid(c49b7faf71cf048418fe526d8e233c8e) Importer(815301076,1909f56bfc062723c751e8b465ee728b)
Start importing Assets/UnityChan/Animations/unitychan_JUMP01B.fbx using Guid(c49b7faf71cf048418fe526d8e233c8e) Importer(815301076,1909f56bfc062723c751e8b465ee728b)  -> (artifact id: 'c2137abfd85a0137103f9e0ecc355612') in 0.050917 seconds 
========================================================================
Received Import Request.
  Time since last request: 1.480146 seconds.
  path: Assets/UnityChan/Animations/unitychan_RUN00_F.fbx
  artifactKey: Guid(26055e26f15260e4e8e0e51f50c41926) Importer(815301076,1909f56bfc062723c751e8b465ee728b)
Start importing Assets/UnityChan/Animations/unitychan_RUN00_F.fbx using Guid(26055e26f15260e4e8e0e51f50c41926) Importer(815301076,1909f56bfc062723c751e8b465ee728b)  -> (artifact id: '409bf633db51332423db32439bbced38') in 0.046183 seconds 
========================================================================
Received Import Request.
  Time since last request: 0.000181 seconds.
  path: Assets/UnityChan/Animations/unitychan_RUN00_L.fbx
  artifactKey: Guid(dc7b7dc0360ab494ea2e7625162c6ca3) Importer(815301076,1909f56bfc062723c751e8b465ee728b)
Start importing Assets/UnityChan/Animations/unitychan_RUN00_L.fbx using Guid(dc7b7dc0360ab494ea2e7625162c6ca3) Importer(815301076,1909f56bfc062723c751e8b465ee728b)  -> (artifact id: '5b85c87332b8e0852184778c2951cbe7') in 0.043449 seconds 
========================================================================
Received Import Request.
  Time since last request: 0.211625 seconds.
  path: Assets/UnityChan/Animations/unitychan_RUN00_R.fbx
  artifactKey: Guid(ffe87c9e4c26d174b8df06771ce447bf) Importer(815301076,1909f56bfc062723c751e8b465ee728b)
Start importing Assets/UnityChan/Animations/unitychan_RUN00_R.fbx using Guid(ffe87c9e4c26d174b8df06771ce447bf) Importer(815301076,1909f56bfc062723c751e8b465ee728b)  -> (artifact id: '2059eca734a36d0bc523997bf37b346d') in 0.040643 seconds 
========================================================================
Received Import Request.
  Time since last request: 0.000141 seconds.
  path: Assets/UnityChan/Animations/unitychan_SLIDE00.fbx
  artifactKey: Guid(a3657ebe445392e44a81a7b112b9cf0c) Importer(815301076,1909f56bfc062723c751e8b465ee728b)
Start importing Assets/UnityChan/Animations/unitychan_SLIDE00.fbx using Guid(a3657ebe445392e44a81a7b112b9cf0c) Importer(815301076,1909f56bfc062723c751e8b465ee728b)  -> (artifact id: '0964ea47fdaaf667068d52fcda3873bf') in 0.044104 seconds 
========================================================================
Received Import Request.
  Time since last request: 0.000177 seconds.
  path: Assets/UnityChan/Animations/unitychan_UMATOBI00.fbx
  artifactKey: Guid(8bf916c92a6742d4ea62fd210c3fd0e6) Importer(815301076,1909f56bfc062723c751e8b465ee728b)
Start importing Assets/UnityChan/Animations/unitychan_UMATOBI00.fbx using Guid(8bf916c92a6742d4ea62fd210c3fd0e6) Importer(815301076,1909f56bfc062723c751e8b465ee728b)  -> (artifact id: '7bb6ab2e2dbacb6df3ae3b468a73429e') in 0.044355 seconds 
========================================================================
Received Import Request.
  Time since last request: 0.137954 seconds.
  path: Assets/UnityChan/Animations/unitychan_WAIT00.fbx
  artifactKey: Guid(0147e212f97e3d449a4b9e4f5d057180) Importer(815301076,1909f56bfc062723c751e8b465ee728b)
Start importing Assets/UnityChan/Animations/unitychan_WAIT00.fbx using Guid(0147e212f97e3d449a4b9e4f5d057180) Importer(815301076,1909f56bfc062723c751e8b465ee728b)  -> (artifact id: '206af801a1807d4b2c8c8c244adcd602') in 0.042404 seconds 
========================================================================
Received Import Request.
  Time since last request: 0.000170 seconds.
  path: Assets/UnityChan/Animations/unitychan_WAIT01.fbx
  artifactKey: Guid(1e79f5e733df84044a45d6ab05035627) Importer(815301076,1909f56bfc062723c751e8b465ee728b)
Start importing Assets/UnityChan/Animations/unitychan_WAIT01.fbx using Guid(1e79f5e733df84044a45d6ab05035627) Importer(815301076,1909f56bfc062723c751e8b465ee728b)  -> (artifact id: '361c5ad2d71ccec4cf234a22fd7706b5') in 0.052858 seconds 
========================================================================
Received Import Request.
  Time since last request: 0.000188 seconds.
  path: Assets/UnityChan/Animations/unitychan_WAIT02.fbx
  artifactKey: Guid(e54e2e1fa0a994b389fe0654511fac47) Importer(815301076,1909f56bfc062723c751e8b465ee728b)
Start importing Assets/UnityChan/Animations/unitychan_WAIT02.fbx using Guid(e54e2e1fa0a994b389fe0654511fac47) Importer(815301076,1909f56bfc062723c751e8b465ee728b)  -> (artifact id: '79d1c9ce7f9353ff464d95e5ffa226b5') in 0.053921 seconds 
========================================================================
Received Import Request.
  Time since last request: 0.000141 seconds.
  path: Assets/UnityChan/Animations/unitychan_WAIT03.fbx
  artifactKey: Guid(f98ead48d3193eb43a7839c6847a5b13) Importer(815301076,1909f56bfc062723c751e8b465ee728b)
Start importing Assets/UnityChan/Animations/unitychan_WAIT03.fbx using Guid(f98ead48d3193eb43a7839c6847a5b13) Importer(815301076,1909f56bfc062723c751e8b465ee728b)  -> (artifact id: '1c5640e9ba117ab0a1db1e3b12d85e36') in 0.049873 seconds 
========================================================================
Received Import Request.
  Time since last request: 1.508853 seconds.
  path: Assets/UnityChan/Models/BoxUnityChan.fbx
  artifactKey: Guid(d6dad0fb52ba12f458cc7ffb66882391) Importer(815301076,1909f56bfc062723c751e8b465ee728b)
Start importing Assets/UnityChan/Models/BoxUnityChan.fbx using Guid(d6dad0fb52ba12f458cc7ffb66882391) Importer(815301076,1909f56bfc062723c751e8b465ee728b)  -> (artifact id: '46a7cea35b9dd44792b712a95e9df439') in 0.166034 seconds 
========================================================================
Received Import Request.
  Time since last request: 0.000143 seconds.
  path: Assets/UnityChan/Models/unitychan.fbx
  artifactKey: Guid(8f0565f23a2b58541a475bd3c1393052) Importer(815301076,1909f56bfc062723c751e8b465ee728b)
Start importing Assets/UnityChan/Models/unitychan.fbx using Guid(8f0565f23a2b58541a475bd3c1393052) Importer(815301076,1909f56bfc062723c751e8b465ee728b)  -> (artifact id: '0c508c65f8d337ed57723827728d70a0') in 0.221029 seconds 
========================================================================
Received Import Request.
  Time since last request: 0.159116 seconds.
  path: Assets/UnityChan/Prefabs/BoxUnityChan.prefab
  artifactKey: Guid(6788413dff62c534d8ca610faef3c7a2) Importer(815301076,1909f56bfc062723c751e8b465ee728b)
Start importing Assets/UnityChan/Prefabs/BoxUnityChan.prefab using Guid(6788413dff62c534d8ca610faef3c7a2) Importer(815301076,1909f56bfc062723c751e8b465ee728b)  -> (artifact id: '4680971307d262f0e046bc89751c4d5f') in 0.015409 seconds 
========================================================================
Received Import Request.
  Time since last request: 0.000154 seconds.
  path: Assets/UnityChan/Prefabs/LookPos.prefab
  artifactKey: Guid(6d5bff5837eca402492a89073b17c2e6) Importer(815301076,1909f56bfc062723c751e8b465ee728b)
Start importing Assets/UnityChan/Prefabs/LookPos.prefab using Guid(6d5bff5837eca402492a89073b17c2e6) Importer(815301076,1909f56bfc062723c751e8b465ee728b)  -> (artifact id: '7db2b0ac2f49fad17700cbf2e42836e5') in 0.013053 seconds 
========================================================================
Received Import Request.
  Time since last request: 0.000172 seconds.
  path: Assets/UnityChan/Prefabs/unitychan.prefab
  artifactKey: Guid(412b92d4feeb9c548bfa98f62c4d1022) Importer(815301076,1909f56bfc062723c751e8b465ee728b)
Start importing Assets/UnityChan/Prefabs/unitychan.prefab using Guid(412b92d4feeb9c548bfa98f62c4d1022) Importer(815301076,1909f56bfc062723c751e8b465ee728b)  -> (artifact id: '02af044a8ab82bd4f27dae84a21b6f59') in 0.125702 seconds 
========================================================================
Received Import Request.
  Time since last request: 0.000189 seconds.
  path: Assets/UnityChan/Prefabs/Locator_IKtarget.prefab
  artifactKey: Guid(88eeda7d3a9f2492da9213d1c1ab46d0) Importer(815301076,1909f56bfc062723c751e8b465ee728b)
Start importing Assets/UnityChan/Prefabs/Locator_IKtarget.prefab using Guid(88eeda7d3a9f2492da9213d1c1ab46d0) Importer(815301076,1909f56bfc062723c751e8b465ee728b)  -> (artifact id: 'df7a77589387fabc539ce3fef361836c') in 0.010325 seconds 
========================================================================
Received Import Request.
  Time since last request: 0.000189 seconds.
  path: Assets/UnityChan/Prefabs/Directional light for UnityChan.prefab
  artifactKey: Guid(b76c71a1e3f6c4fdab657f4fbf5466de) Importer(815301076,1909f56bfc062723c751e8b465ee728b)
Start importing Assets/UnityChan/Prefabs/Directional light for UnityChan.prefab using Guid(b76c71a1e3f6c4fdab657f4fbf5466de) Importer(815301076,1909f56bfc062723c751e8b465ee728b)  -> (artifact id: '518df491ff8f7978e0ce5ff1517b695c') in 0.006520 seconds 
========================================================================
Received Import Request.
  Time since last request: 1.210878 seconds.
  path: Assets/UnityChan/Prefabs/unitychan_dynamic.prefab
  artifactKey: Guid(49f2055d53eeb4e5a92af590a44bddee) Importer(815301076,1909f56bfc062723c751e8b465ee728b)
Start importing Assets/UnityChan/Prefabs/unitychan_dynamic.prefab using Guid(49f2055d53eeb4e5a92af590a44bddee) Importer(815301076,1909f56bfc062723c751e8b465ee728b)  -> (artifact id: '48c5af122ca999b5a0c8faf2e7ec162c') in 0.131087 seconds 
========================================================================
Received Import Request.
  Time since last request: 79.983712 seconds.
  path: Assets/UnityChan
  artifactKey: Guid(e22bb5b48ba97435ab1891ac2638c592) Importer(815301076,1909f56bfc062723c751e8b465ee728b)
Start importing Assets/UnityChan using Guid(e22bb5b48ba97435ab1891ac2638c592) Importer(815301076,1909f56bfc062723c751e8b465ee728b)  -> (artifact id: '44772854d4711d2b6aa3fe7d3f00be11') in 0.004662 seconds 
========================================================================
Received Import Request.
  Time since last request: 8.577184 seconds.
  path: Assets/UnityChan/New Material.mat
  artifactKey: Guid(85319e579e72a8f4ca4df421373eb151) Importer(815301076,1909f56bfc062723c751e8b465ee728b)
Start importing Assets/UnityChan/New Material.mat using Guid(85319e579e72a8f4ca4df421373eb151) Importer(815301076,1909f56bfc062723c751e8b465ee728b)  -> (artifact id: '6f4832b2cbdf4265381847e598f2e313') in 0.052156 seconds 
========================================================================
Received Import Request.
  Time since last request: 50.426709 seconds.
  path: Assets/UnityChan/Models/UnityChanShader/Texture/FO_CLOTH1.tga
  artifactKey: Guid(cc8f70f2ec571e9478efa98c041cde7b) Importer(815301076,1909f56bfc062723c751e8b465ee728b)
Start importing Assets/UnityChan/Models/UnityChanShader/Texture/FO_CLOTH1.tga using Guid(cc8f70f2ec571e9478efa98c041cde7b) Importer(815301076,1909f56bfc062723c751e8b465ee728b)  -> (artifact id: '5a590a80a5d1b1c09c932a2a6c5deff9') in 0.015683 seconds 
========================================================================
Received Import Request.
  Time since last request: 165.920954 seconds.
  path: Assets/UnityChan/Models/UnityChanShader/Shader/Unitychan_chara_fuku_ds.shader
  artifactKey: Guid(96d05de60c5f7474491f9f94568cf623) Importer(815301076,1909f56bfc062723c751e8b465ee728b)
Start importing Assets/UnityChan/Models/UnityChanShader/Shader/Unitychan_chara_fuku_ds.shader using Guid(96d05de60c5f7474491f9f94568cf623) Importer(815301076,1909f56bfc062723c751e8b465ee728b)  -> (artifact id: '5833506fab53d520b8457f1f0acd5264') in 0.006399 seconds 
========================================================================
Received Import Request.
  Time since last request: 46.693356 seconds.
  path: Assets/Resource/Ingame/BackGround/Stage_01/Texture_02/2_DefaultMaterial_DiffuseGlossiness.png
  artifactKey: Guid(3c06942774ad43640a5c44f0430ea70f) Importer(815301076,1909f56bfc062723c751e8b465ee728b)
Start importing Assets/Resource/Ingame/BackGround/Stage_01/Texture_02/2_DefaultMaterial_DiffuseGlossiness.png using Guid(3c06942774ad43640a5c44f0430ea70f) Importer(815301076,1909f56bfc062723c751e8b465ee728b)  -> (artifact id: '54d68c583d6cb22f3d5e04b7d3943a90') in 0.077877 seconds 
========================================================================
Received Import Request.
  Time since last request: 0.000212 seconds.
  path: Assets/Resource/Shape/2Stage/Car/Texture_03/Stage2_Car_03 - Default_DiffuseIllumination.png
  artifactKey: Guid(f3b3d8ec1ee10a94d88a2563bc671b92) Importer(815301076,1909f56bfc062723c751e8b465ee728b)
Start importing Assets/Resource/Shape/2Stage/Car/Texture_03/Stage2_Car_03 - Default_DiffuseIllumination.png using Guid(f3b3d8ec1ee10a94d88a2563bc671b92) Importer(815301076,1909f56bfc062723c751e8b465ee728b)  -> (artifact id: '2e83250868b5e1f022861c9f5d377ce1') in 0.064081 seconds 
========================================================================
Received Import Request.
  Time since last request: 0.000162 seconds.
  path: Assets/UnityChan/SplashScreen/Logo/Light_Silhouette.png
  artifactKey: Guid(f0b1c60b0227e4e1fa89a56252ded127) Importer(815301076,1909f56bfc062723c751e8b465ee728b)
Start importing Assets/UnityChan/SplashScreen/Logo/Light_Silhouette.png using Guid(f0b1c60b0227e4e1fa89a56252ded127) Importer(815301076,1909f56bfc062723c751e8b465ee728b)  -> (artifact id: 'e1dee06beeea614971860bdb5ccd2473') in 0.021419 seconds 
========================================================================
Received Import Request.
  Time since last request: 0.000185 seconds.
  path: Assets/Resource/Ingame/BackGround/Stage_02/Texture_02/123.jpg
  artifactKey: Guid(c9f7f41997c8bc44d96cf7a0aa45e8b4) Importer(815301076,1909f56bfc062723c751e8b465ee728b)
Start importing Assets/Resource/Ingame/BackGround/Stage_02/Texture_02/123.jpg using Guid(c9f7f41997c8bc44d96cf7a0aa45e8b4) Importer(815301076,1909f56bfc062723c751e8b465ee728b)  -> (artifact id: '971472f962987f742faa313d0cfdae0a') in 0.025579 seconds 
========================================================================
Received Import Request.
  Time since last request: 0.000198 seconds.
  path: Assets/Resource/Shape/2Stage/Airplane/Texture_01/Stage2_Airplane_01 - Default_DiffuseIllumination.png
  artifactKey: Guid(3ebf970c87339534aa3be97619322496) Importer(815301076,1909f56bfc062723c751e8b465ee728b)
Start importing Assets/Resource/Shape/2Stage/Airplane/Texture_01/Stage2_Airplane_01 - Default_DiffuseIllumination.png using Guid(3ebf970c87339534aa3be97619322496) Importer(815301076,1909f56bfc062723c751e8b465ee728b)  -> (artifact id: '6590d1736a8bb375a87405e614c4e36f') in 0.064255 seconds 
========================================================================
Received Import Request.
  Time since last request: 0.000133 seconds.
  path: Assets/Resource/Shape/2Stage/Car/Texture_03/Stage2_Car_03 - Default_Normal.png
  artifactKey: Guid(5d33a0615c685cb479d2df621bf2aa31) Importer(815301076,1909f56bfc062723c751e8b465ee728b)
Start importing Assets/Resource/Shape/2Stage/Car/Texture_03/Stage2_Car_03 - Default_Normal.png using Guid(5d33a0615c685cb479d2df621bf2aa31) Importer(815301076,1909f56bfc062723c751e8b465ee728b)  -> (artifact id: '6aae3786e1f1ab9ee15954e86c92935e') in 0.075305 seconds 
========================================================================
Received Import Request.
  Time since last request: 0.000161 seconds.
  path: Assets/UnityChan/Models/UnityChanShader/Texture/eye_iris_L_00.tga
  artifactKey: Guid(66f06726158899242adaf95180360b7b) Importer(815301076,1909f56bfc062723c751e8b465ee728b)
Start importing Assets/UnityChan/Models/UnityChanShader/Texture/eye_iris_L_00.tga using Guid(66f06726158899242adaf95180360b7b) Importer(815301076,1909f56bfc062723c751e8b465ee728b)  -> (artifact id: '65aa950d03f7ae34176b10eedf1ee0f3') in 0.010725 seconds 
========================================================================
Received Import Request.
  Time since last request: 0.000173 seconds.
  path: Assets/Resource/Shape/2Stage/Car/Texture_04/Stage2_Car_07 - Default_DiffuseGlossiness.png
  artifactKey: Guid(35f8051aa63712c498aa2f365e9dc83e) Importer(815301076,1909f56bfc062723c751e8b465ee728b)
Start importing Assets/Resource/Shape/2Stage/Car/Texture_04/Stage2_Car_07 - Default_DiffuseGlossiness.png using Guid(35f8051aa63712c498aa2f365e9dc83e) Importer(815301076,1909f56bfc062723c751e8b465ee728b)  -> (artifact id: 'a74591841821a96d872a085aa7760d55') in 0.061363 seconds 
========================================================================
Received Import Request.
  Time since last request: 0.000153 seconds.
  path: Assets/UnityChan/Models/UnityChanShader/Texture/face_00.tga
  artifactKey: Guid(3cf2e516b5353d5499c41818747b4155) Importer(815301076,1909f56bfc062723c751e8b465ee728b)
Start importing Assets/UnityChan/Models/UnityChanShader/Texture/face_00.tga using Guid(3cf2e516b5353d5499c41818747b4155) Importer(815301076,1909f56bfc062723c751e8b465ee728b)  -> (artifact id: '214ded146b4179073c1b15927b65069c') in 0.018025 seconds 
========================================================================
Received Import Request.
  Time since last request: 0.000212 seconds.
  path: Assets/Resource/Shape/2Stage/Car/Texture_02/Stage2_Car_02 - Default_DiffuseIllumination.png
  artifactKey: Guid(2b89e107ea732c14d910c2ee83e42732) Importer(815301076,1909f56bfc062723c751e8b465ee728b)
Start importing Assets/Resource/Shape/2Stage/Car/Texture_02/Stage2_Car_02 - Default_DiffuseIllumination.png using Guid(2b89e107ea732c14d910c2ee83e42732) Importer(815301076,1909f56bfc062723c751e8b465ee728b)  -> (artifact id: 'a4b4329b7a90511db8df39771d1f2d74') in 0.056178 seconds 
========================================================================
Received Import Request.
  Time since last request: 0.000155 seconds.
  path: Assets/UnityChan/SplashScreen/Logo/Dark_Silhouette.png
  artifactKey: Guid(214f7e62633ee4585a55b459cc6d0f53) Importer(815301076,1909f56bfc062723c751e8b465ee728b)
Start importing Assets/UnityChan/SplashScreen/Logo/Dark_Silhouette.png using Guid(214f7e62633ee4585a55b459cc6d0f53) Importer(815301076,1909f56bfc062723c751e8b465ee728b)  -> (artifact id: 'e19d9378ea0bce1c4900fc346869d65e') in 0.012707 seconds 
========================================================================
Received Import Request.
  Time since last request: 0.000171 seconds.
  path: Assets/UnityChan/License/License Logo/LUUL_LOGO_rules02.psd
  artifactKey: Guid(2aacbb8c0eb594221bc82082e258aa94) Importer(815301076,1909f56bfc062723c751e8b465ee728b)
Start importing Assets/UnityChan/License/License Logo/LUUL_LOGO_rules02.psd using Guid(2aacbb8c0eb594221bc82082e258aa94) Importer(815301076,1909f56bfc062723c751e8b465ee728b)  -> (artifact id: 'd0e2d382fb8cc892fd1384a093b11fb6') in 0.018107 seconds 
========================================================================
Received Import Request.
  Time since last request: 0.000204 seconds.
  path: Assets/UnityChan/Models/UnityChanShader/Texture/guide.tga
  artifactKey: Guid(d04d722a0c808412ea85876950eec517) Importer(815301076,1909f56bfc062723c751e8b465ee728b)
Start importing Assets/UnityChan/Models/UnityChanShader/Texture/guide.tga using Guid(d04d722a0c808412ea85876950eec517) Importer(815301076,1909f56bfc062723c751e8b465ee728b)  -> (artifact id: '426f50029be7a8d2418ad2133e198668') in 0.017801 seconds 
========================================================================
Received Import Request.
  Time since last request: 0.000155 seconds.
  path: Assets/UnityChan/Models/UnityChanShader/Texture/hair_01.tga
  artifactKey: Guid(cbb65ec17f92eb44fb0dde6381b6a415) Importer(815301076,1909f56bfc062723c751e8b465ee728b)
Start importing Assets/UnityChan/Models/UnityChanShader/Texture/hair_01.tga using Guid(cbb65ec17f92eb44fb0dde6381b6a415) Importer(815301076,1909f56bfc062723c751e8b465ee728b)  -> (artifact id: '8d3be7417af0db93ef5595ef50a749e8') in 0.016310 seconds 
========================================================================
Received Import Request.
  Time since last request: 0.000138 seconds.
  path: Assets/UnityChan/Models/UnityChanShader/Texture/hair_01_SPEC.tga
  artifactKey: Guid(c4271b2b1e8bfa949aa9230abaa7709e) Importer(815301076,1909f56bfc062723c751e8b465ee728b)
Start importing Assets/UnityChan/Models/UnityChanShader/Texture/hair_01_SPEC.tga using Guid(c4271b2b1e8bfa949aa9230abaa7709e) Importer(815301076,1909f56bfc062723c751e8b465ee728b)  -> (artifact id: 'ddd599e8849eed707c6efd2d68b76d57') in 0.020498 seconds 
========================================================================
Received Import Request.
  Time since last request: 0.000136 seconds.
  path: Assets/UnityChan/Models/UnityChanShader/Texture/skin_01.tga
  artifactKey: Guid(cc51a9a8397e3c5498dda60419ad3ec9) Importer(815301076,1909f56bfc062723c751e8b465ee728b)
Start importing Assets/UnityChan/Models/UnityChanShader/Texture/skin_01.tga using Guid(cc51a9a8397e3c5498dda60419ad3ec9) Importer(815301076,1909f56bfc062723c751e8b465ee728b)  -> (artifact id: 'ae8f9fe2bb6fc5b8e3eb92f27d11cffe') in 0.010355 seconds 
========================================================================
Received Import Request.
  Time since last request: 0.000151 seconds.
  path: Assets/Resource/Shape/2Stage/Car/Texture_03/Stage2_Car_03 - Default_DiffuseGlossiness.png
  artifactKey: Guid(2f0bac79e6901da46b7921d849c91177) Importer(815301076,1909f56bfc062723c751e8b465ee728b)
Start importing Assets/Resource/Shape/2Stage/Car/Texture_03/Stage2_Car_03 - Default_DiffuseGlossiness.png using Guid(2f0bac79e6901da46b7921d849c91177) Importer(815301076,1909f56bfc062723c751e8b465ee728b)  -> (artifact id: '4a07be852310ced1047f4c20b4fcb02e') in 0.053903 seconds 
========================================================================
Received Import Request.
  Time since last request: 0.000258 seconds.
  path: Assets/Resource/Shape/2Stage/Airplane/Texture_01/Stage2_Airplane_01 - Default_Normal.png
  artifactKey: Guid(4ec36fa69e5db414a8c97d73b117adb5) Importer(815301076,1909f56bfc062723c751e8b465ee728b)
Start importing Assets/Resource/Shape/2Stage/Airplane/Texture_01/Stage2_Airplane_01 - Default_Normal.png using Guid(4ec36fa69e5db414a8c97d73b117adb5) Importer(815301076,1909f56bfc062723c751e8b465ee728b)  -> (artifact id: '99208736d0cb978140a66a00a72aa085') in 0.046259 seconds 
========================================================================
Received Import Request.
  Time since last request: 0.000139 seconds.
  path: Assets/Resource/Ingame/BackGround/Stage_01/Texture_02/2_DefaultMaterial_Normal.png
  artifactKey: Guid(c0f98196beeec144793b8c2b1c0815a1) Importer(815301076,1909f56bfc062723c751e8b465ee728b)
Start importing Assets/Resource/Ingame/BackGround/Stage_01/Texture_02/2_DefaultMaterial_Normal.png using Guid(c0f98196beeec144793b8c2b1c0815a1) Importer(815301076,1909f56bfc062723c751e8b465ee728b)  -> (artifact id: '1ca588d680db7eeeccc01a6a1a4926b5') in 0.035958 seconds 
========================================================================
Received Import Request.
  Time since last request: 0.000162 seconds.
  path: Assets/Resource/Shape/2Stage/Airplane/Texture_01/Stage2_Airplane_01 - Default_DiffuseGlossiness.png
  artifactKey: Guid(b1d9b349137dbd343bc19bf9ed09243a) Importer(815301076,1909f56bfc062723c751e8b465ee728b)
Start importing Assets/Resource/Shape/2Stage/Airplane/Texture_01/Stage2_Airplane_01 - Default_DiffuseGlossiness.png using Guid(b1d9b349137dbd343bc19bf9ed09243a) Importer(815301076,1909f56bfc062723c751e8b465ee728b)  -> (artifact id: '14ed25f66258db29fd5ffc64d7368e5e') in 0.055227 seconds 
========================================================================
Received Import Request.
  Time since last request: 0.000155 seconds.
  path: Assets/Resource/Shape/2Stage/Car/Texture_02/Stage2_Car_02 - Default_DiffuseGlossiness.png
  artifactKey: Guid(80433b38b1a12f04c9d7724e78ffd16a) Importer(815301076,1909f56bfc062723c751e8b465ee728b)
Start importing Assets/Resource/Shape/2Stage/Car/Texture_02/Stage2_Car_02 - Default_DiffuseGlossiness.png using Guid(80433b38b1a12f04c9d7724e78ffd16a) Importer(815301076,1909f56bfc062723c751e8b465ee728b)  -> (artifact id: '2c00d337d55d4bef7aa6ae6aa6de08e7') in 0.052925 seconds 
========================================================================
Received Import Request.
  Time since last request: 0.000215 seconds.
  path: Assets/UnityChan/Stage/Shader/Textures/AlphaMask.png
  artifactKey: Guid(b6944b8ec29ad124c9ebbe7b111fdfd5) Importer(815301076,1909f56bfc062723c751e8b465ee728b)
Start importing Assets/UnityChan/Stage/Shader/Textures/AlphaMask.png using Guid(b6944b8ec29ad124c9ebbe7b111fdfd5) Importer(815301076,1909f56bfc062723c751e8b465ee728b)  -> (artifact id: '7e81e6e75cc4fbb4e198e36f8b087d2f') in 0.010962 seconds 
========================================================================
Received Import Request.
  Time since last request: 0.000186 seconds.
  path: Assets/UnityChan/Models/UnityChanShader/Texture/hair_01_NRM.tga
  artifactKey: Guid(9eea3b9b4b755f64da2c821145616f44) Importer(815301076,1909f56bfc062723c751e8b465ee728b)
Start importing Assets/UnityChan/Models/UnityChanShader/Texture/hair_01_NRM.tga using Guid(9eea3b9b4b755f64da2c821145616f44) Importer(815301076,1909f56bfc062723c751e8b465ee728b)  -> (artifact id: '12cf54eda94690c677dca23e13245365') in 0.016570 seconds 
========================================================================
Received Import Request.
  Time since last request: 0.000188 seconds.
  path: Assets/Resource/Shape/2Stage/Car/Texture_01/Stage2_Car_01 - Default_Normal.png
  artifactKey: Guid(0879e80adff263a48bb09d513fe40cdf) Importer(815301076,1909f56bfc062723c751e8b465ee728b)
Start importing Assets/Resource/Shape/2Stage/Car/Texture_01/Stage2_Car_01 - Default_Normal.png using Guid(0879e80adff263a48bb09d513fe40cdf) Importer(815301076,1909f56bfc062723c751e8b465ee728b)  -> (artifact id: '9517bf14082ad383528e097e21a41ce5') in 0.047597 seconds 
========================================================================
Received Import Request.
  Time since last request: 0.000152 seconds.
  path: Assets/Resource/Ingame/Button/Stage_02/AirPlane/Stage2_Airplane_Clicked.png
  artifactKey: Guid(461cad85317448b4797c4c3ffb236e80) Importer(815301076,1909f56bfc062723c751e8b465ee728b)
Start importing Assets/Resource/Ingame/Button/Stage_02/AirPlane/Stage2_Airplane_Clicked.png using Guid(461cad85317448b4797c4c3ffb236e80) Importer(815301076,1909f56bfc062723c751e8b465ee728b)  -> (artifact id: '21c98906af5ea269e3531c8b03e1c726') in 0.014163 seconds 
========================================================================
Received Import Request.
  Time since last request: 0.000155 seconds.
  path: Assets/Resource/Shape/2Stage/Car/Texture_01/Stage2_Car_01 - Default_DiffuseIllumination.png
  artifactKey: Guid(ca45843de815f5b45b1e9dbaae392014) Importer(815301076,1909f56bfc062723c751e8b465ee728b)
Start importing Assets/Resource/Shape/2Stage/Car/Texture_01/Stage2_Car_01 - Default_DiffuseIllumination.png using Guid(ca45843de815f5b45b1e9dbaae392014) Importer(815301076,1909f56bfc062723c751e8b465ee728b)  -> (artifact id: 'b89782aeaf13bfd9223a1ca6244d2022') in 0.053569 seconds 
========================================================================
Received Import Request.
  Time since last request: 0.000131 seconds.
  path: Assets/Resource/Shape/2Stage/Car/Texture_04/Stage2_Car_07 - Default_Normal.png
  artifactKey: Guid(eeca5d2e44ee802428adc8b0f255dc3e) Importer(815301076,1909f56bfc062723c751e8b465ee728b)
Start importing Assets/Resource/Shape/2Stage/Car/Texture_04/Stage2_Car_07 - Default_Normal.png using Guid(eeca5d2e44ee802428adc8b0f255dc3e) Importer(815301076,1909f56bfc062723c751e8b465ee728b)  -> (artifact id: '9abb2319276f3821cc47f7925dc03b0f') in 0.044231 seconds 
========================================================================
Received Import Request.
  Time since last request: 0.000137 seconds.
  path: Assets/Resource/Ingame/BackGround/Stage_01/Texture_02/2_DefaultMaterial_DiffuseIllumination.png
  artifactKey: Guid(a67403f25a04eeb43903490fba57ad3d) Importer(815301076,1909f56bfc062723c751e8b465ee728b)
Start importing Assets/Resource/Ingame/BackGround/Stage_01/Texture_02/2_DefaultMaterial_DiffuseIllumination.png using Guid(a67403f25a04eeb43903490fba57ad3d) Importer(815301076,1909f56bfc062723c751e8b465ee728b)  -> (artifact id: 'd83724b6d42a8a780cd3c561196f20e0') in 0.043802 seconds 
========================================================================
Received Import Request.
  Time since last request: 0.000171 seconds.
  path: Assets/Resource/Shape/2Stage/Car/Texture_02/Stage2_Car_02 - Default_Normal.png
  artifactKey: Guid(e860c5bd7f4351b42b1ba758874a6b2a) Importer(815301076,1909f56bfc062723c751e8b465ee728b)
Start importing Assets/Resource/Shape/2Stage/Car/Texture_02/Stage2_Car_02 - Default_Normal.png using Guid(e860c5bd7f4351b42b1ba758874a6b2a) Importer(815301076,1909f56bfc062723c751e8b465ee728b)  -> (artifact id: '154218c7dfb84eaeb1cdde75bfe95a0a') in 0.042096 seconds 
========================================================================
Received Import Request.
  Time since last request: 0.000099 seconds.
  path: Assets/Resource/Shape/2Stage/Car/Texture_04/Stage2_Car_07 - Default_DiffuseIllumination.png
  artifactKey: Guid(edf72c4805ea77b428494a5a3ed229df) Importer(815301076,1909f56bfc062723c751e8b465ee728b)
Start importing Assets/Resource/Shape/2Stage/Car/Texture_04/Stage2_Car_07 - Default_DiffuseIllumination.png using Guid(edf72c4805ea77b428494a5a3ed229df) Importer(815301076,1909f56bfc062723c751e8b465ee728b)  -> (artifact id: 'fce4de862b87886a88259e50e40b8245') in 0.052532 seconds 
========================================================================
Received Import Request.
  Time since last request: 0.000146 seconds.
  path: Assets/UnityChan/Models/UnityChanShader/Texture/eye_iris_R_00.tga
  artifactKey: Guid(7521661d2d6cebb479dea03e7336e5de) Importer(815301076,1909f56bfc062723c751e8b465ee728b)
Start importing Assets/UnityChan/Models/UnityChanShader/Texture/eye_iris_R_00.tga using Guid(7521661d2d6cebb479dea03e7336e5de) Importer(815301076,1909f56bfc062723c751e8b465ee728b)  -> (artifact id: '1dca39faa18c2126dacc6086e3ae7e7f') in 0.011412 seconds 
========================================================================
Received Import Request.
  Time since last request: 0.000132 seconds.
  path: Assets/Resource/Shape/2Stage/Car/Texture_01/Stage2_Car_01 - Default_DiffuseGlossiness.png
  artifactKey: Guid(557d6d97dee69074caf0abe5cb946f3a) Importer(815301076,1909f56bfc062723c751e8b465ee728b)
Start importing Assets/Resource/Shape/2Stage/Car/Texture_01/Stage2_Car_01 - Default_DiffuseGlossiness.png using Guid(557d6d97dee69074caf0abe5cb946f3a) Importer(815301076,1909f56bfc062723c751e8b465ee728b)  -> (artifact id: 'ece39d52a68ce908d17e540fec928685') in 0.054311 seconds 
========================================================================
Received Import Request.
  Time since last request: 10.309059 seconds.
  path: Assets/Resource/Shape/2Stage/Ship/Texture_01/Stage2_Ship_01 - Default_DiffuseGlossiness.png
  artifactKey: Guid(e956a81725b67fb449515415269c78c4) Importer(815301076,1909f56bfc062723c751e8b465ee728b)
Start importing Assets/Resource/Shape/2Stage/Ship/Texture_01/Stage2_Ship_01 - Default_DiffuseGlossiness.png using Guid(e956a81725b67fb449515415269c78c4) Importer(815301076,1909f56bfc062723c751e8b465ee728b)  -> (artifact id: '26b9c4598b6443a3f15b2404715c6f20') in 0.063252 seconds 
========================================================================
Received Import Request.
  Time since last request: 0.000151 seconds.
  path: Assets/Resource/Shape/2Stage/Ship/Texture_02/Stage2_Ship_02 - Default_Normal.png
  artifactKey: Guid(444517878cc717348a3bb20a8aac15dd) Importer(815301076,1909f56bfc062723c751e8b465ee728b)
Start importing Assets/Resource/Shape/2Stage/Ship/Texture_02/Stage2_Ship_02 - Default_Normal.png using Guid(444517878cc717348a3bb20a8aac15dd) Importer(815301076,1909f56bfc062723c751e8b465ee728b)  -> (artifact id: '1dd7be18e2b3a43d9db33c1917075afe') in 0.047337 seconds 
========================================================================
Received Import Request.
  Time since last request: 0.000129 seconds.
  path: Assets/Resource/Shape/2Stage/Ship/Texture_02/Stage2_Ship_02 - Default_DiffuseIllumination.png
  artifactKey: Guid(1cb1c986b72f0bb4f919f4c4fa0afe7e) Importer(815301076,1909f56bfc062723c751e8b465ee728b)
Start importing Assets/Resource/Shape/2Stage/Ship/Texture_02/Stage2_Ship_02 - Default_DiffuseIllumination.png using Guid(1cb1c986b72f0bb4f919f4c4fa0afe7e) Importer(815301076,1909f56bfc062723c751e8b465ee728b)  -> (artifact id: '41db7988dbdfaf87448b1b82beddd12a') in 0.058058 seconds 
========================================================================
Received Import Request.
  Time since last request: 0.000179 seconds.
  path: Assets/Resource/Shape/2Stage/Ship/Texture_01/Stage2_Ship_01 - Default_Normal.png
  artifactKey: Guid(6cb96677e80267e44b57ad9e727d1e6c) Importer(815301076,1909f56bfc062723c751e8b465ee728b)
Start importing Assets/Resource/Shape/2Stage/Ship/Texture_01/Stage2_Ship_01 - Default_Normal.png using Guid(6cb96677e80267e44b57ad9e727d1e6c) Importer(815301076,1909f56bfc062723c751e8b465ee728b)  -> (artifact id: 'd124e9d49cc9c523f9ce26d2c035c716') in 0.045509 seconds 
========================================================================
Received Import Request.
  Time since last request: 0.000183 seconds.
  path: Assets/Resource/Shape/2Stage/Ship/Texture_03/Stage2_Ship_03 - Default_DiffuseIllumination.png
  artifactKey: Guid(a0e8eabecfbf93b418e89904e2b56137) Importer(815301076,1909f56bfc062723c751e8b465ee728b)
Start importing Assets/Resource/Shape/2Stage/Ship/Texture_03/Stage2_Ship_03 - Default_DiffuseIllumination.png using Guid(a0e8eabecfbf93b418e89904e2b56137) Importer(815301076,1909f56bfc062723c751e8b465ee728b)  -> (artifact id: '97afa2334fd1487f81fe048dc78c2493') in 0.057698 seconds 
========================================================================
Received Import Request.
  Time since last request: 0.000259 seconds.
  path: Assets/Resource/Shape/2Stage/Ship/Texture_02/Stage2_Ship_02 - Default_DiffuseGlossiness.png
  artifactKey: Guid(eba8f421dafb76846ac9c7218e2cdf93) Importer(815301076,1909f56bfc062723c751e8b465ee728b)
Start importing Assets/Resource/Shape/2Stage/Ship/Texture_02/Stage2_Ship_02 - Default_DiffuseGlossiness.png using Guid(eba8f421dafb76846ac9c7218e2cdf93) Importer(815301076,1909f56bfc062723c751e8b465ee728b)  -> (artifact id: '5f445d6614cb955b176700922043736a') in 0.055990 seconds 
========================================================================
Received Import Request.
  Time since last request: 0.000226 seconds.
  path: Assets/Resource/Shape/2Stage/Ship/Texture_03/Stage2_Ship_03 - Default_Normal.png
  artifactKey: Guid(d87292b0a28cf974aa43e490f81c3e07) Importer(815301076,1909f56bfc062723c751e8b465ee728b)
Start importing Assets/Resource/Shape/2Stage/Ship/Texture_03/Stage2_Ship_03 - Default_Normal.png using Guid(d87292b0a28cf974aa43e490f81c3e07) Importer(815301076,1909f56bfc062723c751e8b465ee728b)  -> (artifact id: '74129c869caa79eb4dfa055dfd8a9df0') in 0.046459 seconds 
========================================================================
Received Import Request.
  Time since last request: 0.000154 seconds.
  path: Assets/Resource/Shape/2Stage/Ship/Texture_01/Stage2_Ship_01 - Default_DiffuseIllumination.png
  artifactKey: Guid(ae0c8106104713543ae9fd7b4c064821) Importer(815301076,1909f56bfc062723c751e8b465ee728b)
Start importing Assets/Resource/Shape/2Stage/Ship/Texture_01/Stage2_Ship_01 - Default_DiffuseIllumination.png using Guid(ae0c8106104713543ae9fd7b4c064821) Importer(815301076,1909f56bfc062723c751e8b465ee728b)  -> (artifact id: '5ca5cc3f976c74cfd2b79d3fc8e0bfb7') in 0.055737 seconds 
========================================================================
Received Import Request.
  Time since last request: 0.000223 seconds.
  path: Assets/Resource/Shape/2Stage/Ship/Texture_03/Stage2_Ship_03 - Default_DiffuseGlossiness.png
  artifactKey: Guid(fa861a3b141c5394494d0f456c3277f4) Importer(815301076,1909f56bfc062723c751e8b465ee728b)
Start importing Assets/Resource/Shape/2Stage/Ship/Texture_03/Stage2_Ship_03 - Default_DiffuseGlossiness.png using Guid(fa861a3b141c5394494d0f456c3277f4) Importer(815301076,1909f56bfc062723c751e8b465ee728b)  -> (artifact id: '8cc06739c0120651f2c26e3f9535d5f9') in 0.057903 seconds 
========================================================================
Received Import Request.
  Time since last request: 0.000193 seconds.
  path: Assets/Resource/Ingame/Button/Stage_02/Ship_Btn/Stage2_Ship_Clicked.png
  artifactKey: Guid(f462d2ef282b11948b420542a24c0622) Importer(815301076,1909f56bfc062723c751e8b465ee728b)
Start importing Assets/Resource/Ingame/Button/Stage_02/Ship_Btn/Stage2_Ship_Clicked.png using Guid(f462d2ef282b11948b420542a24c0622) Importer(815301076,1909f56bfc062723c751e8b465ee728b)  -> (artifact id: '2f4397fa2c9c298763aa14e84120e12a') in 0.015693 seconds 
========================================================================
Received Import Request.
  Time since last request: 52.777425 seconds.
  path: Assets/Resource/Shape/1Stage/Rectangle/Texture_01
  artifactKey: Guid(e36d3dc7521d83d4b9908b48415f2d29) Importer(815301076,1909f56bfc062723c751e8b465ee728b)
Start importing Assets/Resource/Shape/1Stage/Rectangle/Texture_01 using Guid(e36d3dc7521d83d4b9908b48415f2d29) Importer(815301076,1909f56bfc062723c751e8b465ee728b)  -> (artifact id: 'ec3ad5203a1f539c7c9c58851f5c6278') in 0.005804 seconds 
========================================================================
Received Import Request.
  Time since last request: 213.323784 seconds.
  path: Assets/New Terrain.asset
  artifactKey: Guid(5f86d9ddc4fcf54459760b8bdb40165e) Importer(815301076,1909f56bfc062723c751e8b465ee728b)
Start importing Assets/New Terrain.asset using Guid(5f86d9ddc4fcf54459760b8bdb40165e) Importer(815301076,1909f56bfc062723c751e8b465ee728b)  -> (artifact id: 'fc743686bb102f477bf34dc357488d4f') in 0.010762 seconds 
========================================================================
Received Prepare
Registering precompiled user dll's ...
Registered in 0.002212 seconds.
Begin MonoManager ReloadAssembly
Symbol file LoadedFromMemory doesn't match image C:\Users\user\Children_Game\Children_Game\Assets\Plugins\Demigiant\DOTween\Editor\DOTweenEditor.dll
Symbol file LoadedFromMemory doesn't match image C:\Users\user\Children_Game\Children_Game\Assets\Plugins\Demigiant\DOTween\DOTween.dll
Native extension for WindowsStandalone target not found
Refreshing native plugins compatible for Editor in 0.32 ms, found 2 plugins.
Preloading 0 native plugins for Editor in 0.00 ms.
Mono: successfully reloaded assembly
- Completed reload, in  0.757 seconds
Domain Reload Profiling:
	ReloadAssembly (758ms)
		BeginReloadAssembly (87ms)
			ExecutionOrderSort (0ms)
			DisableScriptedObjects (3ms)
			BackupInstance (0ms)
			ReleaseScriptingObjects (0ms)
			CreateAndSetChildDomain (29ms)
		EndReloadAssembly (622ms)
			LoadAssemblies (62ms)
			RebuildTransferFunctionScriptingTraits (0ms)
			SetupTypeCache (245ms)
			ReleaseScriptCaches (1ms)
			RebuildScriptCaches (32ms)
			SetupLoadedEditorAssemblies (214ms)
				LogAssemblyErrors (0ms)
				InitializePlatformSupportModulesInManaged (3ms)
				SetLoadedEditorAssemblies (0ms)
				RefreshPlugins (0ms)
				BeforeProcessingInitializeOnLoad (58ms)
				ProcessInitializeOnLoadAttributes (141ms)
				ProcessInitializeOnLoadMethodAttributes (7ms)
				AfterProcessingInitializeOnLoad (3ms)
				EditorAssembliesLoaded (0ms)
			ExecutionOrderSort2 (0ms)
			AwakeInstancesAfterBackupRestoration (5ms)
Platform modules already initialized, skipping
Switching build target platform(19) subTarget(0) extendedPlatform(0) -> platform(13) subTarget(537395200) extendedPlatform(0)
Refreshing native plugins compatible for Editor in 0.45 ms, found 2 plugins.
Preloading 0 native plugins for Editor in 0.00 ms.
Unloading 1523 Unused Serialized files (Serialized files now loaded: 0)
System memory in use before: 108.0 MB.
System memory in use after: 108.1 MB.

Unloading 27 unused Assets to reduce memory usage. Loaded Objects now: 2056.
Total: 2.104300 ms (FindLiveObjects: 0.109800 ms CreateObjectMapping: 0.027200 ms MarkObjects: 1.933200 ms  DeleteObjects: 0.032900 ms)

AssetImportParameters requested are different than current active one (requested -> active):
  custom:framework-win-MediaFoundation: 216162199b28c13a410421893ffa2e32 -> 
  custom:video-decoder-ogg-theora: a1e56fd34408186e4bbccfd4996cb3dc -> 
  custom:container-muxer-webm: aa71ff27fc2769a1b78a27578f13a17b -> 
  custom:container-demuxer-webm: 4f35f7cbe854078d1ac9338744f61a02 -> 
  custom:container-demuxer-ogg: 62fdf1f143b41e24485cea50d1cbac27 -> 
  custom:video-encoder-webm-vp8: eb34c28f22e8b96e1ab97ce403110664 -> 
  custom:video-decoder-webm-vp8: 9c59270c3fd7afecdb556c50c9e8de78 -> 
  custom:graphics/normal-map-encoding: 01000000000000000000000000000000 -> 02000000000000000000000000000000
  custom:audio-decoder-ogg-vorbis: bf7c407c2cedff20999df2af8eb42d56 -> 
  custom:audio-encoder-webm-vorbis: bf7c407c2cedff20999df2af8eb42d56 -> 
========================================================================
Received Import Request.
  Time since last request: 93.074201 seconds.
  path: Assets/New Material.mat
  artifactKey: Guid(50d2e7282c8062a469b427b7d7fab0bf) Importer(815301076,1909f56bfc062723c751e8b465ee728b)
Start importing Assets/New Material.mat using Guid(50d2e7282c8062a469b427b7d7fab0bf) Importer(815301076,1909f56bfc062723c751e8b465ee728b)  -> (artifact id: 'ce56da57c9855d987638b60c1540b886') in 0.047821 seconds 
========================================================================
Received Import Request.
  Time since last request: 1654.865782 seconds.
  path: Assets/New Material.mat
  artifactKey: Guid(50d2e7282c8062a469b427b7d7fab0bf) Importer(815301076,1909f56bfc062723c751e8b465ee728b)
Start importing Assets/New Material.mat using Guid(50d2e7282c8062a469b427b7d7fab0bf) Importer(815301076,1909f56bfc062723c751e8b465ee728b)  -> (artifact id: 'ba198f916606aa4e44d43558effbc9d6') in 0.083646 seconds 
========================================================================
Received Prepare
Registering precompiled user dll's ...
Registered in 0.002075 seconds.
Begin MonoManager ReloadAssembly
Symbol file LoadedFromMemory doesn't match image C:\Users\user\Children_Game\Children_Game\Assets\Plugins\Demigiant\DOTween\Editor\DOTweenEditor.dll
Symbol file LoadedFromMemory doesn't match image C:\Users\user\Children_Game\Children_Game\Assets\Plugins\Demigiant\DOTween\DOTween.dll
Native extension for WindowsStandalone target not found
Refreshing native plugins compatible for Editor in 0.37 ms, found 2 plugins.
Preloading 0 native plugins for Editor in 0.00 ms.
Mono: successfully reloaded assembly
- Completed reload, in  0.761 seconds
Domain Reload Profiling:
	ReloadAssembly (761ms)
		BeginReloadAssembly (93ms)
			ExecutionOrderSort (0ms)
			DisableScriptedObjects (3ms)
			BackupInstance (0ms)
			ReleaseScriptingObjects (0ms)
			CreateAndSetChildDomain (32ms)
		EndReloadAssembly (626ms)
			LoadAssemblies (69ms)
			RebuildTransferFunctionScriptingTraits (0ms)
			SetupTypeCache (200ms)
			ReleaseScriptCaches (1ms)
			RebuildScriptCaches (35ms)
			SetupLoadedEditorAssemblies (239ms)
				LogAssemblyErrors (0ms)
				InitializePlatformSupportModulesInManaged (4ms)
				SetLoadedEditorAssemblies (0ms)
				RefreshPlugins (0ms)
				BeforeProcessingInitializeOnLoad (59ms)
				ProcessInitializeOnLoadAttributes (164ms)
				ProcessInitializeOnLoadMethodAttributes (8ms)
				AfterProcessingInitializeOnLoad (4ms)
				EditorAssembliesLoaded (0ms)
			ExecutionOrderSort2 (0ms)
			AwakeInstancesAfterBackupRestoration (5ms)
Platform modules already initialized, skipping
Switching build target platform(19) subTarget(0) extendedPlatform(0) -> platform(13) subTarget(537395200) extendedPlatform(0)
Refreshing native plugins compatible for Editor in 0.42 ms, found 2 plugins.
Preloading 0 native plugins for Editor in 0.00 ms.
Unloading 1536 Unused Serialized files (Serialized files now loaded: 0)
System memory in use before: 108.4 MB.
System memory in use after: 108.5 MB.

Unloading 13 unused Assets to reduce memory usage. Loaded Objects now: 2073.
Total: 2.348900 ms (FindLiveObjects: 0.116900 ms CreateObjectMapping: 0.026500 ms MarkObjects: 2.182600 ms  DeleteObjects: 0.021600 ms)

AssetImportParameters requested are different than current active one (requested -> active):
  custom:framework-win-MediaFoundation: 216162199b28c13a410421893ffa2e32 -> 
  custom:video-decoder-ogg-theora: a1e56fd34408186e4bbccfd4996cb3dc -> 
  custom:container-muxer-webm: aa71ff27fc2769a1b78a27578f13a17b -> 
  custom:container-demuxer-webm: 4f35f7cbe854078d1ac9338744f61a02 -> 
  custom:container-demuxer-ogg: 62fdf1f143b41e24485cea50d1cbac27 -> 
  custom:video-encoder-webm-vp8: eb34c28f22e8b96e1ab97ce403110664 -> 
  custom:video-decoder-webm-vp8: 9c59270c3fd7afecdb556c50c9e8de78 -> 
  custom:graphics/normal-map-encoding: 01000000000000000000000000000000 -> 02000000000000000000000000000000
  custom:audio-decoder-ogg-vorbis: bf7c407c2cedff20999df2af8eb42d56 -> 
  custom:audio-encoder-webm-vorbis: bf7c407c2cedff20999df2af8eb42d56 -> 
========================================================================
Received Import Request.
  Time since last request: 57.890170 seconds.
  path: Assets/UnityChan/Prefabs/for Locomotion/CamPos.prefab
  artifactKey: Guid(65eb07d65eb184e13a4b388eced0d32b) Importer(815301076,1909f56bfc062723c751e8b465ee728b)
Start importing Assets/UnityChan/Prefabs/for Locomotion/CamPos.prefab using Guid(65eb07d65eb184e13a4b388eced0d32b) Importer(815301076,1909f56bfc062723c751e8b465ee728b)  -> (artifact id: '8277fb5d09c3aa3846887bf52108d1c4') in 0.023772 seconds 
========================================================================
Received Import Request.
  Time since last request: 0.000313 seconds.
  path: Assets/UnityChan/Prefabs/for Locomotion/LookAtPos.prefab
  artifactKey: Guid(efaf5c7817edc41d68744ffe3a3dbeb7) Importer(815301076,1909f56bfc062723c751e8b465ee728b)
Start importing Assets/UnityChan/Prefabs/for Locomotion/LookAtPos.prefab using Guid(efaf5c7817edc41d68744ffe3a3dbeb7) Importer(815301076,1909f56bfc062723c751e8b465ee728b)  -> (artifact id: 'f3aede2e9a4608309d4eee55299e0831') in 0.006616 seconds 
========================================================================
Received Import Request.
  Time since last request: 0.000141 seconds.
  path: Assets/UnityChan/Prefabs/for Locomotion/JumpPos.prefab
  artifactKey: Guid(2801f2532c4364c8696fc1dc3b4c6a1a) Importer(815301076,1909f56bfc062723c751e8b465ee728b)
Start importing Assets/UnityChan/Prefabs/for Locomotion/JumpPos.prefab using Guid(2801f2532c4364c8696fc1dc3b4c6a1a) Importer(815301076,1909f56bfc062723c751e8b465ee728b)  -> (artifact id: '3be82136742c14df989feb0dffa9809d') in 0.006781 seconds 
========================================================================
Received Import Request.
  Time since last request: 0.000125 seconds.
  path: Assets/UnityChan/Prefabs/for Locomotion/unitychan.prefab
  artifactKey: Guid(40046bae76ac54bffb59f14f47d9ba1b) Importer(815301076,1909f56bfc062723c751e8b465ee728b)
Start importing Assets/UnityChan/Prefabs/for Locomotion/unitychan.prefab using Guid(40046bae76ac54bffb59f14f47d9ba1b) Importer(815301076,1909f56bfc062723c751e8b465ee728b)  -> (artifact id: 'a4628301e1e111aca4630d721ee24947') in 0.397963 seconds 
========================================================================
Received Import Request.
  Time since last request: 0.000208 seconds.
  path: Assets/UnityChan/Prefabs/for Locomotion/FrontPos.prefab
  artifactKey: Guid(5ab36471a20d548e1b89d3501e011ada) Importer(815301076,1909f56bfc062723c751e8b465ee728b)
Start importing Assets/UnityChan/Prefabs/for Locomotion/FrontPos.prefab using Guid(5ab36471a20d548e1b89d3501e011ada) Importer(815301076,1909f56bfc062723c751e8b465ee728b)  -> (artifact id: '343efa6bd7c75401dfbaf821770b99e6') in 0.007127 seconds 
========================================================================
Received Import Request.
  Time since last request: 0.000123 seconds.
  path: Assets/UnityChan/Prefabs/for Locomotion/Main Camera.prefab
  artifactKey: Guid(79674db77adfc4d6f9f17fb043493b1e) Importer(815301076,1909f56bfc062723c751e8b465ee728b)
Start importing Assets/UnityChan/Prefabs/for Locomotion/Main Camera.prefab using Guid(79674db77adfc4d6f9f17fb043493b1e) Importer(815301076,1909f56bfc062723c751e8b465ee728b)  -> (artifact id: 'bff82a44cf792e7c4d0e3f8670072032') in 0.006934 seconds 
========================================================================
Received Import Request.
  Time since last request: 4.972841 seconds.
  path: Assets/UnityChan/Prefabs/for Locomotion/unitychan_dynamic_locomotion.prefab
  artifactKey: Guid(69c3ed15e9d13481e8f7dc4db5532fb6) Importer(815301076,1909f56bfc062723c751e8b465ee728b)
Start importing Assets/UnityChan/Prefabs/for Locomotion/unitychan_dynamic_locomotion.prefab using Guid(69c3ed15e9d13481e8f7dc4db5532fb6) Importer(815301076,1909f56bfc062723c751e8b465ee728b)  -> (artifact id: '60fc0e85457479890ea88788e731c6d4') in 0.158427 seconds 
========================================================================
Received Import Request.
  Time since last request: 105.142910 seconds.
  path: Assets/UnityChan/Scenes/SecondaryAnimation.unity
  artifactKey: Guid(303d6058a98f643abb202d652ad2be31) Importer(815301076,1909f56bfc062723c751e8b465ee728b)
Start importing Assets/UnityChan/Scenes/SecondaryAnimation.unity using Guid(303d6058a98f643abb202d652ad2be31) Importer(815301076,1909f56bfc062723c751e8b465ee728b)  -> (artifact id: 'b289df4141c580885c2356bd1492ccaa') in 0.005818 seconds 
========================================================================
Received Import Request.
  Time since last request: 9.602566 seconds.
  path: Assets/UnityChan/Scenes/Locomotion.unity
  artifactKey: Guid(957eefe92df624143ad9333b8bc01eb8) Importer(815301076,1909f56bfc062723c751e8b465ee728b)
Start importing Assets/UnityChan/Scenes/Locomotion.unity using Guid(957eefe92df624143ad9333b8bc01eb8) Importer(815301076,1909f56bfc062723c751e8b465ee728b)  -> (artifact id: '30613284ea18c36331afde23e20c6ce9') in 0.013725 seconds 
========================================================================
Received Import Request.
  Time since last request: 1.485077 seconds.
  path: Assets/UnityChan/Scenes/ARPoseTest.unity
  artifactKey: Guid(dc19d125674d55e4395fbb75f6d6f855) Importer(815301076,1909f56bfc062723c751e8b465ee728b)
Start importing Assets/UnityChan/Scenes/ARPoseTest.unity using Guid(dc19d125674d55e4395fbb75f6d6f855) Importer(815301076,1909f56bfc062723c751e8b465ee728b)  -> (artifact id: 'cc734db43ee4cdbe888fbd8aab7c1cbe') in 0.005012 seconds 
========================================================================
Received Import Request.
  Time since last request: 1.215640 seconds.
  path: Assets/UnityChan/Scenes/ActionCheck.unity
  artifactKey: Guid(82af19ed76a8ed74fb1dd5d45c780da8) Importer(815301076,1909f56bfc062723c751e8b465ee728b)
Start importing Assets/UnityChan/Scenes/ActionCheck.unity using Guid(82af19ed76a8ed74fb1dd5d45c780da8) Importer(815301076,1909f56bfc062723c751e8b465ee728b)  -> (artifact id: '1f8cbd86e3f9fc910d47be0bd43f460d') in 0.005123 seconds 
========================================================================
Received Import Request.
  Time since last request: 110.343582 seconds.
  path: Assets/UnityChan/Models/UnityChanShader/Materials/hair.mat
  artifactKey: Guid(0686b679809f14929a8d7f427cbb4da3) Importer(815301076,1909f56bfc062723c751e8b465ee728b)
Start importing Assets/UnityChan/Models/UnityChanShader/Materials/hair.mat using Guid(0686b679809f14929a8d7f427cbb4da3) Importer(815301076,1909f56bfc062723c751e8b465ee728b)  -> (artifact id: '86c3bcfceadf4770c322089469ad071b') in 0.046463 seconds 
========================================================================
Received Import Request.
  Time since last request: 0.000242 seconds.
  path: Assets/UnityChan/Models/UnityChanShader/Materials/mat_cheek.mat
  artifactKey: Guid(4efe8cdcc7b554591bde513d7bde06d0) Importer(815301076,1909f56bfc062723c751e8b465ee728b)
Start importing Assets/UnityChan/Models/UnityChanShader/Materials/mat_cheek.mat using Guid(4efe8cdcc7b554591bde513d7bde06d0) Importer(815301076,1909f56bfc062723c751e8b465ee728b)  -> (artifact id: '88b88f42f244201f520ca30404ae1fb5') in 0.016671 seconds 
========================================================================
Received Import Request.
  Time since last request: 0.000172 seconds.
  path: Assets/UnityChan/Models/UnityChanShader/Materials/skin1.mat
  artifactKey: Guid(4b91d906c72fd4447bfabbdd767e31ad) Importer(815301076,1909f56bfc062723c751e8b465ee728b)
Start importing Assets/UnityChan/Models/UnityChanShader/Materials/skin1.mat using Guid(4b91d906c72fd4447bfabbdd767e31ad) Importer(815301076,1909f56bfc062723c751e8b465ee728b)  -> (artifact id: '1817143ce39d7461287045aeea25b10d') in 0.014611 seconds 
========================================================================
Received Import Request.
  Time since last request: 3.219906 seconds.
  path: Assets/UnityChan/Models/Materials/Left.mat
  artifactKey: Guid(00cf17fb11d4e76448c2096f7ee6aa4f) Importer(815301076,1909f56bfc062723c751e8b465ee728b)
Start importing Assets/UnityChan/Models/Materials/Left.mat using Guid(00cf17fb11d4e76448c2096f7ee6aa4f) Importer(815301076,1909f56bfc062723c751e8b465ee728b)  -> (artifact id: '91880f766d524b4641b7cc0450cc3ba0') in 0.071374 seconds 
========================================================================
Received Import Request.
  Time since last request: 0.604483 seconds.
  path: Assets/UnityChan/Models/Materials/mat_cheek.mat
  artifactKey: Guid(5f9d44654b83160428d7c4cf276b3572) Importer(815301076,1909f56bfc062723c751e8b465ee728b)
Start importing Assets/UnityChan/Models/Materials/mat_cheek.mat using Guid(5f9d44654b83160428d7c4cf276b3572) Importer(815301076,1909f56bfc062723c751e8b465ee728b)  -> (artifact id: '213c95a0b4f598748b1b0d2af5461a09') in 0.008569 seconds 
========================================================================
Received Import Request.
  Time since last request: 0.105504 seconds.
  path: Assets/UnityChan/Models/Materials/Right.mat
  artifactKey: Guid(88157e674d7d0314db76940c73b69405) Importer(815301076,1909f56bfc062723c751e8b465ee728b)
Start importing Assets/UnityChan/Models/Materials/Right.mat using Guid(88157e674d7d0314db76940c73b69405) Importer(815301076,1909f56bfc062723c751e8b465ee728b)  -> (artifact id: '9dcc6de7583abc83a5dc76e91cac91d2') in 0.010291 seconds 
========================================================================
Received Import Request.
  Time since last request: 0.023219 seconds.
  path: Assets/UnityChan/Models/Materials/skin1.mat
  artifactKey: Guid(ca131910d5c9a634dbdd38e77111033f) Importer(815301076,1909f56bfc062723c751e8b465ee728b)
Start importing Assets/UnityChan/Models/Materials/skin1.mat using Guid(ca131910d5c9a634dbdd38e77111033f) Importer(815301076,1909f56bfc062723c751e8b465ee728b)  -> (artifact id: '6b8eb34af62222cccd328d7ef5921c8d') in 0.018308 seconds 
========================================================================
Received Import Request.
  Time since last request: 226.151753 seconds.
  path: Assets/Resource/Shape/1Stage/Rectangle/Texture_01/New Material.mat
  artifactKey: Guid(26a22c4d4e4037d45a8b9f2938099d9e) Importer(815301076,1909f56bfc062723c751e8b465ee728b)
Start importing Assets/Resource/Shape/1Stage/Rectangle/Texture_01/New Material.mat using Guid(26a22c4d4e4037d45a8b9f2938099d9e) Importer(815301076,1909f56bfc062723c751e8b465ee728b)  -> (artifact id: '309bdd0a7609a9fe88aa1d503c7f8d25') in 0.168449 seconds 
========================================================================
Received Import Request.
  Time since last request: 475.415280 seconds.
  path: Assets/Scene/Test.unity
  artifactKey: Guid(9fe8bd9ebe67f27498b96233f480f673) Importer(815301076,1909f56bfc062723c751e8b465ee728b)
Start importing Assets/Scene/Test.unity using Guid(9fe8bd9ebe67f27498b96233f480f673) Importer(815301076,1909f56bfc062723c751e8b465ee728b)  -> (artifact id: '9ff1979ae4e41127f2a6a60f21ff737a') in 0.005917 seconds 
========================================================================
Received Import Request.
  Time since last request: 3.247196 seconds.
  path: Assets/New Material.mat
  artifactKey: Guid(50d2e7282c8062a469b427b7d7fab0bf) Importer(815301076,1909f56bfc062723c751e8b465ee728b)
Start importing Assets/New Material.mat using Guid(50d2e7282c8062a469b427b7d7fab0bf) Importer(815301076,1909f56bfc062723c751e8b465ee728b)  -> (artifact id: 'c67354bf027997ad0c2b18cd0764535a') in 0.119137 seconds 
========================================================================
Received Import Request.
  Time since last request: 1.759864 seconds.
  path: Assets/New Material 1.mat
  artifactKey: Guid(16db77f927c23f14b8369584bee20c06) Importer(815301076,1909f56bfc062723c751e8b465ee728b)
Start importing Assets/New Material 1.mat using Guid(16db77f927c23f14b8369584bee20c06) Importer(815301076,1909f56bfc062723c751e8b465ee728b)  -> (artifact id: 'c2828f30538dcb7be74cf472d833d2db') in 0.109097 seconds 
========================================================================
Received Import Request.
  Time since last request: 341.387230 seconds.
  path: Assets/New Material 1.mat
  artifactKey: Guid(16db77f927c23f14b8369584bee20c06) Importer(815301076,1909f56bfc062723c751e8b465ee728b)
Start importing Assets/New Material 1.mat using Guid(16db77f927c23f14b8369584bee20c06) Importer(815301076,1909f56bfc062723c751e8b465ee728b)  -> (artifact id: '0fecf40c49753942b7f6a1bf7614b756') in 0.129396 seconds 
========================================================================
Received Import Request.
  Time since last request: 0.000249 seconds.
  path: Assets/New Material.mat
  artifactKey: Guid(50d2e7282c8062a469b427b7d7fab0bf) Importer(815301076,1909f56bfc062723c751e8b465ee728b)
Start importing Assets/New Material.mat using Guid(50d2e7282c8062a469b427b7d7fab0bf) Importer(815301076,1909f56bfc062723c751e8b465ee728b)  -> (artifact id: '103a8e56f95d712ad01bb0a6bb7f63cc') in 0.113665 seconds 
AssetImportWorkerClient::OnTransportError - code=2 error=End of file
